Symlinking /home/hua/文档/new_catkin_ws（graph）/devel/./local_setup.sh
Symlinking /home/hua/文档/new_catkin_ws（graph）/devel/./env.sh
Symlinking /home/hua/文档/new_catkin_ws（graph）/devel/./setup.bash
Symlinking /home/hua/文档/new_catkin_ws（graph）/devel/./local_setup.bash
Symlinking /home/hua/文档/new_catkin_ws（graph）/devel/./local_setup.zsh
Symlinking /home/hua/文档/new_catkin_ws（graph）/devel/./setup.sh
Symlinking /home/hua/文档/new_catkin_ws（graph）/devel/./setup.zsh
Symlinking /home/hua/文档/new_catkin_ws（graph）/devel/./cmake.lock
Symlinking /home/hua/文档/new_catkin_ws（graph）/devel/./_setup_util.py
Symlinking /home/hua/文档/new_catkin_ws（graph）/devel/share/catkin_tools_prebuild/cmake/catkin_tools_prebuildConfig.cmake
Symlinking /home/hua/文档/new_catkin_ws（graph）/devel/share/catkin_tools_prebuild/cmake/catkin_tools_prebuildConfig-version.cmake
Symlinking /home/hua/文档/new_catkin_ws（graph）/devel/lib/pkgconfig/catkin_tools_prebuild.pc
Cleaning: (/home/hua/new_catkin_ws（graph）/devel/.private/catkin_tools_prebuild/local_setup.sh, /home/hua/new_catkin_ws（graph）/devel/./local_setup.sh)
Cleaning: (/home/hua/new_catkin_ws（graph）/devel/.private/catkin_tools_prebuild/env.sh, /home/hua/new_catkin_ws（graph）/devel/./env.sh)
Cleaning: (/home/hua/new_catkin_ws（graph）/devel/.private/catkin_tools_prebuild/setup.bash, /home/hua/new_catkin_ws（graph）/devel/./setup.bash)
Cleaning: (/home/hua/new_catkin_ws（graph）/devel/.private/catkin_tools_prebuild/local_setup.bash, /home/hua/new_catkin_ws（graph）/devel/./local_setup.bash)
Cleaning: (/home/hua/new_catkin_ws（graph）/devel/.private/catkin_tools_prebuild/local_setup.zsh, /home/hua/new_catkin_ws（graph）/devel/./local_setup.zsh)
Cleaning: (/home/hua/new_catkin_ws（graph）/devel/.private/catkin_tools_prebuild/setup.sh, /home/hua/new_catkin_ws（graph）/devel/./setup.sh)
Cleaning: (/home/hua/new_catkin_ws（graph）/devel/.private/catkin_tools_prebuild/setup.zsh, /home/hua/new_catkin_ws（graph）/devel/./setup.zsh)
Cleaning: (/home/hua/new_catkin_ws（graph）/devel/.private/catkin_tools_prebuild/cmake.lock, /home/hua/new_catkin_ws（graph）/devel/./cmake.lock)
Cleaning: (/home/hua/new_catkin_ws（graph）/devel/.private/catkin_tools_prebuild/_setup_util.py, /home/hua/new_catkin_ws（graph）/devel/./_setup_util.py)
Cleaning: (/home/hua/new_catkin_ws（graph）/devel/.private/catkin_tools_prebuild/share/catkin_tools_prebuild/cmake/catkin_tools_prebuildConfig.cmake, /home/hua/new_catkin_ws（graph）/devel/share/catkin_tools_prebuild/cmake/catkin_tools_prebuildConfig.cmake)
Cleaning: (/home/hua/new_catkin_ws（graph）/devel/.private/catkin_tools_prebuild/share/catkin_tools_prebuild/cmake/catkin_tools_prebuildConfig-version.cmake, /home/hua/new_catkin_ws（graph）/devel/share/catkin_tools_prebuild/cmake/catkin_tools_prebuildConfig-version.cmake)
Cleaning: (/home/hua/new_catkin_ws（graph）/devel/.private/catkin_tools_prebuild/lib/pkgconfig/catkin_tools_prebuild.pc, /home/hua/new_catkin_ws（graph）/devel/lib/pkgconfig/catkin_tools_prebuild.pc)
Unlinking: /home/hua/new_catkin_ws（graph）/devel/./local_setup.sh
Already unlinked: {}
Unlinking: /home/hua/new_catkin_ws（graph）/devel/./env.sh
Already unlinked: {}
Unlinking: /home/hua/new_catkin_ws（graph）/devel/./setup.bash
Already unlinked: {}
Unlinking: /home/hua/new_catkin_ws（graph）/devel/./local_setup.bash
Already unlinked: {}
Unlinking: /home/hua/new_catkin_ws（graph）/devel/./local_setup.zsh
Already unlinked: {}
Unlinking: /home/hua/new_catkin_ws（graph）/devel/./setup.sh
Already unlinked: {}
Unlinking: /home/hua/new_catkin_ws（graph）/devel/./setup.zsh
Already unlinked: {}
Unlinking: /home/hua/new_catkin_ws（graph）/devel/./_setup_util.py
Already unlinked: {}
Unlinking: /home/hua/new_catkin_ws（graph）/devel/share/catkin_tools_prebuild/cmake/catkin_tools_prebuildConfig.cmake
Already unlinked: {}
Unlinking: /home/hua/new_catkin_ws（graph）/devel/share/catkin_tools_prebuild/cmake/catkin_tools_prebuildConfig-version.cmake
Already unlinked: {}
Unlinking: /home/hua/new_catkin_ws（graph）/devel/lib/pkgconfig/catkin_tools_prebuild.pc
Already unlinked: {}
