Symlinking /home/hua/shenlan-control/stanley/catkin_ws/devel/share/carla_twist_to_control/cmake/carla_twist_to_controlConfig.cmake
Symlinking /home/hua/shenlan-control/stanley/catkin_ws/devel/share/carla_twist_to_control/cmake/carla_twist_to_controlConfig-version.cmake
Symlinking /home/hua/shenlan-control/stanley/catkin_ws/devel/lib/python3/dist-packages/carla_twist_to_control/__init__.py
Symlinking /home/hua/shenlan-control/stanley/catkin_ws/devel/lib/pkgconfig/carla_twist_to_control.pc
Symlinking /home/hua/shenlan-control/stanley/catkin_ws/devel/lib/carla_twist_to_control/cmake.lock
Symlinking /home/hua/shenlan-control/stanley/catkin_ws/devel/lib/carla_twist_to_control/carla_twist_to_control.py
Cleaning: (/home/hua/catkin_ws/devel/.private/carla_twist_to_control/cmake.lock, /home/hua/catkin_ws/devel/./cmake.lock)
Cleaning: (/home/hua/catkin_ws/devel/.private/carla_twist_to_control/share/carla_twist_to_control/cmake/carla_twist_to_controlConfig.cmake, /home/hua/catkin_ws/devel/share/carla_twist_to_control/cmake/carla_twist_to_controlConfig.cmake)
Cleaning: (/home/hua/catkin_ws/devel/.private/carla_twist_to_control/share/carla_twist_to_control/cmake/carla_twist_to_controlConfig-version.cmake, /home/hua/catkin_ws/devel/share/carla_twist_to_control/cmake/carla_twist_to_controlConfig-version.cmake)
Cleaning: (/home/hua/catkin_ws/devel/.private/carla_twist_to_control/lib/python3/dist-packages/carla_twist_to_control/__init__.py, /home/hua/catkin_ws/devel/lib/python3/dist-packages/carla_twist_to_control/__init__.py)
Cleaning: (/home/hua/catkin_ws/devel/.private/carla_twist_to_control/lib/pkgconfig/carla_twist_to_control.pc, /home/hua/catkin_ws/devel/lib/pkgconfig/carla_twist_to_control.pc)
Cleaning: (/home/hua/catkin_ws/devel/.private/carla_twist_to_control/lib/carla_twist_to_control/cmake.lock, /home/hua/catkin_ws/devel/lib/carla_twist_to_control/cmake.lock)
Cleaning: (/home/hua/catkin_ws/devel/.private/carla_twist_to_control/lib/carla_twist_to_control/carla_twist_to_control.py, /home/hua/catkin_ws/devel/lib/carla_twist_to_control/carla_twist_to_control.py)
Unlinking: /home/hua/catkin_ws/devel/share/carla_twist_to_control/cmake/carla_twist_to_controlConfig.cmake
Already unlinked: {}
Unlinking: /home/hua/catkin_ws/devel/share/carla_twist_to_control/cmake/carla_twist_to_controlConfig-version.cmake
Already unlinked: {}
Unlinking: /home/hua/catkin_ws/devel/lib/python3/dist-packages/carla_twist_to_control/__init__.py
Already unlinked: {}
Unlinking: /home/hua/catkin_ws/devel/lib/pkgconfig/carla_twist_to_control.pc
Already unlinked: {}
Unlinking: /home/hua/catkin_ws/devel/lib/carla_twist_to_control/cmake.lock
Already unlinked: {}
Unlinking: /home/hua/catkin_ws/devel/lib/carla_twist_to_control/carla_twist_to_control.py
Already unlinked: {}
