Symlinking /home/hua/文档/new_catkin_ws（graph）/devel/share/carla_manual_control/cmake/carla_manual_controlConfig-version.cmake
Symlinking /home/hua/文档/new_catkin_ws（graph）/devel/share/carla_manual_control/cmake/carla_manual_controlConfig.cmake
Symlinking /home/hua/文档/new_catkin_ws（graph）/devel/lib/python3/dist-packages/carla_manual_control/__init__.py
Symlinking /home/hua/文档/new_catkin_ws（graph）/devel/lib/pkgconfig/carla_manual_control.pc
Symlinking /home/hua/文档/new_catkin_ws（graph）/devel/lib/carla_manual_control/carla_manual_control.py
Symlinking /home/hua/文档/new_catkin_ws（graph）/devel/lib/carla_manual_control/cmake.lock
Cleaning: (/home/hua/new_catkin_ws（graph）/devel/.private/carla_manual_control/cmake.lock, /home/hua/new_catkin_ws（graph）/devel/./cmake.lock)
Cleaning: (/home/hua/new_catkin_ws（graph）/devel/.private/carla_manual_control/share/carla_manual_control/cmake/carla_manual_controlConfig-version.cmake, /home/hua/new_catkin_ws（graph）/devel/share/carla_manual_control/cmake/carla_manual_controlConfig-version.cmake)
Cleaning: (/home/hua/new_catkin_ws（graph）/devel/.private/carla_manual_control/share/carla_manual_control/cmake/carla_manual_controlConfig.cmake, /home/hua/new_catkin_ws（graph）/devel/share/carla_manual_control/cmake/carla_manual_controlConfig.cmake)
Cleaning: (/home/hua/new_catkin_ws（graph）/devel/.private/carla_manual_control/lib/python3/dist-packages/carla_manual_control/__init__.py, /home/hua/new_catkin_ws（graph）/devel/lib/python3/dist-packages/carla_manual_control/__init__.py)
Cleaning: (/home/hua/new_catkin_ws（graph）/devel/.private/carla_manual_control/lib/pkgconfig/carla_manual_control.pc, /home/hua/new_catkin_ws（graph）/devel/lib/pkgconfig/carla_manual_control.pc)
Cleaning: (/home/hua/new_catkin_ws（graph）/devel/.private/carla_manual_control/lib/carla_manual_control/carla_manual_control.py, /home/hua/new_catkin_ws（graph）/devel/lib/carla_manual_control/carla_manual_control.py)
Cleaning: (/home/hua/new_catkin_ws（graph）/devel/.private/carla_manual_control/lib/carla_manual_control/cmake.lock, /home/hua/new_catkin_ws（graph）/devel/lib/carla_manual_control/cmake.lock)
Unlinking: /home/hua/new_catkin_ws（graph）/devel/share/carla_manual_control/cmake/carla_manual_controlConfig-version.cmake
Already unlinked: {}
Unlinking: /home/hua/new_catkin_ws（graph）/devel/share/carla_manual_control/cmake/carla_manual_controlConfig.cmake
Already unlinked: {}
Unlinking: /home/hua/new_catkin_ws（graph）/devel/lib/python3/dist-packages/carla_manual_control/__init__.py
Already unlinked: {}
Unlinking: /home/hua/new_catkin_ws（graph）/devel/lib/pkgconfig/carla_manual_control.pc
Already unlinked: {}
Unlinking: /home/hua/new_catkin_ws（graph）/devel/lib/carla_manual_control/carla_manual_control.py
Already unlinked: {}
Unlinking: /home/hua/new_catkin_ws（graph）/devel/lib/carla_manual_control/cmake.lock
Already unlinked: {}
