Linked: (/home/hua/new_catkin_ws/devel/.private/ros_viz_tools/share/ros_viz_tools/cmake/ros_viz_toolsConfig.cmake, /home/hua/new_catkin_ws/devel/share/ros_viz_tools/cmake/ros_viz_toolsConfig.cmake)
Linked: (/home/hua/new_catkin_ws/devel/.private/ros_viz_tools/share/ros_viz_tools/cmake/ros_viz_toolsConfig-version.cmake, /home/hua/new_catkin_ws/devel/share/ros_viz_tools/cmake/ros_viz_toolsConfig-version.cmake)
Linked: (/home/hua/new_catkin_ws/devel/.private/ros_viz_tools/lib/libros_viz_tools.so, /home/hua/new_catkin_ws/devel/lib/libros_viz_tools.so)
Linked: (/home/hua/new_catkin_ws/devel/.private/ros_viz_tools/lib/pkgconfig/ros_viz_tools.pc, /home/hua/new_catkin_ws/devel/lib/pkgconfig/ros_viz_tools.pc)
Linked: (/home/hua/new_catkin_ws/devel/.private/ros_viz_tools/lib/ros_viz_tools/demo_node, /home/hua/new_catkin_ws/devel/lib/ros_viz_tools/demo_node)
Cleaning: (/home/hua/new_catkin_ws(build_success)/devel/.private/ros_viz_tools/cmake.lock, /home/hua/new_catkin_ws(build_success)/devel/./cmake.lock)
Cleaning: (/home/hua/new_catkin_ws(build_success)/devel/.private/ros_viz_tools/share/ros_viz_tools/cmake/ros_viz_toolsConfig.cmake, /home/hua/new_catkin_ws(build_success)/devel/share/ros_viz_tools/cmake/ros_viz_toolsConfig.cmake)
Cleaning: (/home/hua/new_catkin_ws(build_success)/devel/.private/ros_viz_tools/share/ros_viz_tools/cmake/ros_viz_toolsConfig-version.cmake, /home/hua/new_catkin_ws(build_success)/devel/share/ros_viz_tools/cmake/ros_viz_toolsConfig-version.cmake)
Cleaning: (/home/hua/new_catkin_ws(build_success)/devel/.private/ros_viz_tools/lib/libros_viz_tools.so, /home/hua/new_catkin_ws(build_success)/devel/lib/libros_viz_tools.so)
Cleaning: (/home/hua/new_catkin_ws(build_success)/devel/.private/ros_viz_tools/lib/pkgconfig/ros_viz_tools.pc, /home/hua/new_catkin_ws(build_success)/devel/lib/pkgconfig/ros_viz_tools.pc)
Cleaning: (/home/hua/new_catkin_ws(build_success)/devel/.private/ros_viz_tools/lib/ros_viz_tools/demo_node, /home/hua/new_catkin_ws(build_success)/devel/lib/ros_viz_tools/demo_node)
Unlinking: /home/hua/new_catkin_ws(build_success)/devel/share/ros_viz_tools/cmake/ros_viz_toolsConfig.cmake
Already unlinked: {}
Unlinking: /home/hua/new_catkin_ws(build_success)/devel/share/ros_viz_tools/cmake/ros_viz_toolsConfig-version.cmake
Already unlinked: {}
Unlinking: /home/hua/new_catkin_ws(build_success)/devel/lib/libros_viz_tools.so
Already unlinked: {}
Unlinking: /home/hua/new_catkin_ws(build_success)/devel/lib/pkgconfig/ros_viz_tools.pc
Already unlinked: {}
Unlinking: /home/hua/new_catkin_ws(build_success)/devel/lib/ros_viz_tools/demo_node
Already unlinked: {}
