Symlinking /home/hua/文档/new_catkin_ws（graph）/devel/share/carla_ackermann_control/docs/EgoVehicleControlParameterConfig.wikidoc
Symlinking /home/hua/文档/new_catkin_ws（graph）/devel/share/carla_ackermann_control/docs/EgoVehicleControlParameterConfig.dox
Symlinking /home/hua/文档/new_catkin_ws（graph）/devel/share/carla_ackermann_control/docs/EgoVehicleControlParameterConfig-usage.dox
Symlinking /home/hua/文档/new_catkin_ws（graph）/devel/share/carla_ackermann_control/cmake/carla_ackermann_controlConfig-version.cmake
Symlinking /home/hua/文档/new_catkin_ws（graph）/devel/share/carla_ackermann_control/cmake/carla_ackermann_controlConfig.cmake
Symlinking /home/hua/文档/new_catkin_ws（graph）/devel/lib/python3/dist-packages/carla_ackermann_control/__init__.py
Symlinking /home/hua/文档/new_catkin_ws（graph）/devel/lib/python3/dist-packages/carla_ackermann_control/cfg/__init__.py
Symlinking /home/hua/文档/new_catkin_ws（graph）/devel/lib/python3/dist-packages/carla_ackermann_control/cfg/EgoVehicleControlParameterConfig.py
Symlinking /home/hua/文档/new_catkin_ws（graph）/devel/lib/pkgconfig/carla_ackermann_control.pc
Symlinking /home/hua/文档/new_catkin_ws（graph）/devel/include/carla_ackermann_control/EgoVehicleControlParameterConfig.h
Cleaning: (/home/hua/new_catkin_ws（graph）/devel/.private/carla_ackermann_control/cmake.lock, /home/hua/new_catkin_ws（graph）/devel/./cmake.lock)
Cleaning: (/home/hua/new_catkin_ws（graph）/devel/.private/carla_ackermann_control/share/carla_ackermann_control/docs/EgoVehicleControlParameterConfig.wikidoc, /home/hua/new_catkin_ws（graph）/devel/share/carla_ackermann_control/docs/EgoVehicleControlParameterConfig.wikidoc)
Cleaning: (/home/hua/new_catkin_ws（graph）/devel/.private/carla_ackermann_control/share/carla_ackermann_control/docs/EgoVehicleControlParameterConfig.dox, /home/hua/new_catkin_ws（graph）/devel/share/carla_ackermann_control/docs/EgoVehicleControlParameterConfig.dox)
Cleaning: (/home/hua/new_catkin_ws（graph）/devel/.private/carla_ackermann_control/share/carla_ackermann_control/docs/EgoVehicleControlParameterConfig-usage.dox, /home/hua/new_catkin_ws（graph）/devel/share/carla_ackermann_control/docs/EgoVehicleControlParameterConfig-usage.dox)
Cleaning: (/home/hua/new_catkin_ws（graph）/devel/.private/carla_ackermann_control/share/carla_ackermann_control/cmake/carla_ackermann_controlConfig-version.cmake, /home/hua/new_catkin_ws（graph）/devel/share/carla_ackermann_control/cmake/carla_ackermann_controlConfig-version.cmake)
Cleaning: (/home/hua/new_catkin_ws（graph）/devel/.private/carla_ackermann_control/share/carla_ackermann_control/cmake/carla_ackermann_controlConfig.cmake, /home/hua/new_catkin_ws（graph）/devel/share/carla_ackermann_control/cmake/carla_ackermann_controlConfig.cmake)
Cleaning: (/home/hua/new_catkin_ws（graph）/devel/.private/carla_ackermann_control/lib/python3/dist-packages/carla_ackermann_control/__init__.py, /home/hua/new_catkin_ws（graph）/devel/lib/python3/dist-packages/carla_ackermann_control/__init__.py)
Cleaning: (/home/hua/new_catkin_ws（graph）/devel/.private/carla_ackermann_control/lib/python3/dist-packages/carla_ackermann_control/cfg/__init__.py, /home/hua/new_catkin_ws（graph）/devel/lib/python3/dist-packages/carla_ackermann_control/cfg/__init__.py)
Cleaning: (/home/hua/new_catkin_ws（graph）/devel/.private/carla_ackermann_control/lib/python3/dist-packages/carla_ackermann_control/cfg/EgoVehicleControlParameterConfig.py, /home/hua/new_catkin_ws（graph）/devel/lib/python3/dist-packages/carla_ackermann_control/cfg/EgoVehicleControlParameterConfig.py)
Cleaning: (/home/hua/new_catkin_ws（graph）/devel/.private/carla_ackermann_control/lib/pkgconfig/carla_ackermann_control.pc, /home/hua/new_catkin_ws（graph）/devel/lib/pkgconfig/carla_ackermann_control.pc)
Cleaning: (/home/hua/new_catkin_ws（graph）/devel/.private/carla_ackermann_control/include/carla_ackermann_control/EgoVehicleControlParameterConfig.h, /home/hua/new_catkin_ws（graph）/devel/include/carla_ackermann_control/EgoVehicleControlParameterConfig.h)
Unlinking: /home/hua/new_catkin_ws（graph）/devel/share/carla_ackermann_control/docs/EgoVehicleControlParameterConfig.wikidoc
Already unlinked: {}
Unlinking: /home/hua/new_catkin_ws（graph）/devel/share/carla_ackermann_control/docs/EgoVehicleControlParameterConfig.dox
Already unlinked: {}
Unlinking: /home/hua/new_catkin_ws（graph）/devel/share/carla_ackermann_control/docs/EgoVehicleControlParameterConfig-usage.dox
Already unlinked: {}
Unlinking: /home/hua/new_catkin_ws（graph）/devel/share/carla_ackermann_control/cmake/carla_ackermann_controlConfig-version.cmake
Already unlinked: {}
Unlinking: /home/hua/new_catkin_ws（graph）/devel/share/carla_ackermann_control/cmake/carla_ackermann_controlConfig.cmake
Already unlinked: {}
Unlinking: /home/hua/new_catkin_ws（graph）/devel/lib/python3/dist-packages/carla_ackermann_control/__init__.py
Already unlinked: {}
Unlinking: /home/hua/new_catkin_ws（graph）/devel/lib/python3/dist-packages/carla_ackermann_control/cfg/__init__.py
Already unlinked: {}
Unlinking: /home/hua/new_catkin_ws（graph）/devel/lib/python3/dist-packages/carla_ackermann_control/cfg/EgoVehicleControlParameterConfig.py
Already unlinked: {}
Unlinking: /home/hua/new_catkin_ws（graph）/devel/lib/pkgconfig/carla_ackermann_control.pc
Already unlinked: {}
Unlinking: /home/hua/new_catkin_ws（graph）/devel/include/carla_ackermann_control/EgoVehicleControlParameterConfig.h
Already unlinked: {}
