Linked: (/home/hua/new_catkin_ws/devel/.private/carla_common/share/carla_common/cmake/carla_commonConfig.cmake, /home/hua/new_catkin_ws/devel/share/carla_common/cmake/carla_commonConfig.cmake)
Linked: (/home/hua/new_catkin_ws/devel/.private/carla_common/share/carla_common/cmake/carla_commonConfig-version.cmake, /home/hua/new_catkin_ws/devel/share/carla_common/cmake/carla_commonConfig-version.cmake)
Linked: (/home/hua/new_catkin_ws/devel/.private/carla_common/lib/python3/dist-packages/carla_common/__init__.py, /home/hua/new_catkin_ws/devel/lib/python3/dist-packages/carla_common/__init__.py)
Linked: (/home/hua/new_catkin_ws/devel/.private/carla_common/lib/pkgconfig/carla_common.pc, /home/hua/new_catkin_ws/devel/lib/pkgconfig/carla_common.pc)
Linked: (/home/hua/new_catkin_ws/devel/.private/carla_common/lib/carla_common/transforms.py, /home/hua/new_catkin_ws/devel/lib/carla_common/transforms.py)
Linked: (/home/hua/new_catkin_ws/devel/.private/carla_common/lib/carla_common/cmake.lock, /home/hua/new_catkin_ws/devel/lib/carla_common/cmake.lock)
Cleaning: (/home/hua/new_catkin_ws(build_success)/devel/.private/carla_common/cmake.lock, /home/hua/new_catkin_ws(build_success)/devel/./cmake.lock)
Cleaning: (/home/hua/new_catkin_ws(build_success)/devel/.private/carla_common/share/carla_common/cmake/carla_commonConfig.cmake, /home/hua/new_catkin_ws(build_success)/devel/share/carla_common/cmake/carla_commonConfig.cmake)
Cleaning: (/home/hua/new_catkin_ws(build_success)/devel/.private/carla_common/share/carla_common/cmake/carla_commonConfig-version.cmake, /home/hua/new_catkin_ws(build_success)/devel/share/carla_common/cmake/carla_commonConfig-version.cmake)
Cleaning: (/home/hua/new_catkin_ws(build_success)/devel/.private/carla_common/lib/python3/dist-packages/carla_common/__init__.py, /home/hua/new_catkin_ws(build_success)/devel/lib/python3/dist-packages/carla_common/__init__.py)
Cleaning: (/home/hua/new_catkin_ws(build_success)/devel/.private/carla_common/lib/pkgconfig/carla_common.pc, /home/hua/new_catkin_ws(build_success)/devel/lib/pkgconfig/carla_common.pc)
Cleaning: (/home/hua/new_catkin_ws(build_success)/devel/.private/carla_common/lib/carla_common/transforms.py, /home/hua/new_catkin_ws(build_success)/devel/lib/carla_common/transforms.py)
Cleaning: (/home/hua/new_catkin_ws(build_success)/devel/.private/carla_common/lib/carla_common/cmake.lock, /home/hua/new_catkin_ws(build_success)/devel/lib/carla_common/cmake.lock)
Unlinking: /home/hua/new_catkin_ws(build_success)/devel/share/carla_common/cmake/carla_commonConfig.cmake
Already unlinked: {}
Unlinking: /home/hua/new_catkin_ws(build_success)/devel/share/carla_common/cmake/carla_commonConfig-version.cmake
Already unlinked: {}
Unlinking: /home/hua/new_catkin_ws(build_success)/devel/lib/python3/dist-packages/carla_common/__init__.py
Already unlinked: {}
Unlinking: /home/hua/new_catkin_ws(build_success)/devel/lib/pkgconfig/carla_common.pc
Already unlinked: {}
Unlinking: /home/hua/new_catkin_ws(build_success)/devel/lib/carla_common/transforms.py
Already unlinked: {}
Unlinking: /home/hua/new_catkin_ws(build_success)/devel/lib/carla_common/cmake.lock
Already unlinked: {}
