Symlinking /home/hua/deepblue_planning_control-master/pro2_stanley/devel/share/roseus/ros/carla_ros_scenario_runner_types/manifest.l
Symlinking /home/hua/deepblue_planning_control-master/pro2_stanley/devel/share/roseus/ros/carla_ros_scenario_runner_types/srv/ExecuteScenario.l
Symlinking /home/hua/deepblue_planning_control-master/pro2_stanley/devel/share/roseus/ros/carla_ros_scenario_runner_types/msg/CarlaScenarioRunnerStatus.l
Symlinking /home/hua/deepblue_planning_control-master/pro2_stanley/devel/share/roseus/ros/carla_ros_scenario_runner_types/msg/CarlaScenario.l
Symlinking /home/hua/deepblue_planning_control-master/pro2_stanley/devel/share/roseus/ros/carla_ros_scenario_runner_types/msg/CarlaScenarioList.l
Symlinking /home/hua/deepblue_planning_control-master/pro2_stanley/devel/share/carla_ros_scenario_runner_types/cmake/carla_ros_scenario_runner_types-msg-paths.cmake
Symlinking /home/hua/deepblue_planning_control-master/pro2_stanley/devel/share/carla_ros_scenario_runner_types/cmake/carla_ros_scenario_runner_typesConfig-version.cmake
Symlinking /home/hua/deepblue_planning_control-master/pro2_stanley/devel/share/carla_ros_scenario_runner_types/cmake/carla_ros_scenario_runner_typesConfig.cmake
Symlinking /home/hua/deepblue_planning_control-master/pro2_stanley/devel/share/carla_ros_scenario_runner_types/cmake/carla_ros_scenario_runner_types-msg-extras.cmake
Symlinking /home/hua/deepblue_planning_control-master/pro2_stanley/devel/share/gennodejs/ros/carla_ros_scenario_runner_types/_index.js
Symlinking /home/hua/deepblue_planning_control-master/pro2_stanley/devel/share/gennodejs/ros/carla_ros_scenario_runner_types/srv/ExecuteScenario.js
Symlinking /home/hua/deepblue_planning_control-master/pro2_stanley/devel/share/gennodejs/ros/carla_ros_scenario_runner_types/srv/_index.js
Symlinking /home/hua/deepblue_planning_control-master/pro2_stanley/devel/share/gennodejs/ros/carla_ros_scenario_runner_types/msg/CarlaScenario.js
Symlinking /home/hua/deepblue_planning_control-master/pro2_stanley/devel/share/gennodejs/ros/carla_ros_scenario_runner_types/msg/CarlaScenarioList.js
Symlinking /home/hua/deepblue_planning_control-master/pro2_stanley/devel/share/gennodejs/ros/carla_ros_scenario_runner_types/msg/CarlaScenarioRunnerStatus.js
Symlinking /home/hua/deepblue_planning_control-master/pro2_stanley/devel/share/gennodejs/ros/carla_ros_scenario_runner_types/msg/_index.js
Symlinking /home/hua/deepblue_planning_control-master/pro2_stanley/devel/share/common-lisp/ros/carla_ros_scenario_runner_types/srv/_package_ExecuteScenario.lisp
Symlinking /home/hua/deepblue_planning_control-master/pro2_stanley/devel/share/common-lisp/ros/carla_ros_scenario_runner_types/srv/ExecuteScenario.lisp
Symlinking /home/hua/deepblue_planning_control-master/pro2_stanley/devel/share/common-lisp/ros/carla_ros_scenario_runner_types/srv/_package.lisp
Symlinking /home/hua/deepblue_planning_control-master/pro2_stanley/devel/share/common-lisp/ros/carla_ros_scenario_runner_types/srv/carla_ros_scenario_runner_types-srv.asd
Symlinking /home/hua/deepblue_planning_control-master/pro2_stanley/devel/share/common-lisp/ros/carla_ros_scenario_runner_types/msg/_package_CarlaScenario.lisp
Symlinking /home/hua/deepblue_planning_control-master/pro2_stanley/devel/share/common-lisp/ros/carla_ros_scenario_runner_types/msg/CarlaScenarioRunnerStatus.lisp
Symlinking /home/hua/deepblue_planning_control-master/pro2_stanley/devel/share/common-lisp/ros/carla_ros_scenario_runner_types/msg/carla_ros_scenario_runner_types-msg.asd
Symlinking /home/hua/deepblue_planning_control-master/pro2_stanley/devel/share/common-lisp/ros/carla_ros_scenario_runner_types/msg/_package_CarlaScenarioRunnerStatus.lisp
Symlinking /home/hua/deepblue_planning_control-master/pro2_stanley/devel/share/common-lisp/ros/carla_ros_scenario_runner_types/msg/CarlaScenarioList.lisp
Symlinking /home/hua/deepblue_planning_control-master/pro2_stanley/devel/share/common-lisp/ros/carla_ros_scenario_runner_types/msg/CarlaScenario.lisp
Symlinking /home/hua/deepblue_planning_control-master/pro2_stanley/devel/share/common-lisp/ros/carla_ros_scenario_runner_types/msg/_package.lisp
Symlinking /home/hua/deepblue_planning_control-master/pro2_stanley/devel/share/common-lisp/ros/carla_ros_scenario_runner_types/msg/_package_CarlaScenarioList.lisp
Symlinking /home/hua/deepblue_planning_control-master/pro2_stanley/devel/lib/python3/dist-packages/carla_ros_scenario_runner_types/__init__.py
Symlinking /home/hua/deepblue_planning_control-master/pro2_stanley/devel/lib/python3/dist-packages/carla_ros_scenario_runner_types/srv/__init__.py
Symlinking /home/hua/deepblue_planning_control-master/pro2_stanley/devel/lib/python3/dist-packages/carla_ros_scenario_runner_types/srv/_ExecuteScenario.py
Symlinking /home/hua/deepblue_planning_control-master/pro2_stanley/devel/lib/python3/dist-packages/carla_ros_scenario_runner_types/msg/_CarlaScenarioRunnerStatus.py
Symlinking /home/hua/deepblue_planning_control-master/pro2_stanley/devel/lib/python3/dist-packages/carla_ros_scenario_runner_types/msg/_CarlaScenario.py
Symlinking /home/hua/deepblue_planning_control-master/pro2_stanley/devel/lib/python3/dist-packages/carla_ros_scenario_runner_types/msg/__init__.py
Symlinking /home/hua/deepblue_planning_control-master/pro2_stanley/devel/lib/python3/dist-packages/carla_ros_scenario_runner_types/msg/_CarlaScenarioList.py
Symlinking /home/hua/deepblue_planning_control-master/pro2_stanley/devel/lib/pkgconfig/carla_ros_scenario_runner_types.pc
Symlinking /home/hua/deepblue_planning_control-master/pro2_stanley/devel/include/carla_ros_scenario_runner_types/CarlaScenario.h
Symlinking /home/hua/deepblue_planning_control-master/pro2_stanley/devel/include/carla_ros_scenario_runner_types/ExecuteScenario.h
Symlinking /home/hua/deepblue_planning_control-master/pro2_stanley/devel/include/carla_ros_scenario_runner_types/CarlaScenarioList.h
Symlinking /home/hua/deepblue_planning_control-master/pro2_stanley/devel/include/carla_ros_scenario_runner_types/ExecuteScenarioResponse.h
Symlinking /home/hua/deepblue_planning_control-master/pro2_stanley/devel/include/carla_ros_scenario_runner_types/ExecuteScenarioRequest.h
Symlinking /home/hua/deepblue_planning_control-master/pro2_stanley/devel/include/carla_ros_scenario_runner_types/CarlaScenarioRunnerStatus.h
