Symlinking /home/hua/文档/new_catkin_ws（graph）/devel/share/carla_ros_scenario_runner/cmake/carla_ros_scenario_runnerConfig-version.cmake
Symlinking /home/hua/文档/new_catkin_ws（graph）/devel/share/carla_ros_scenario_runner/cmake/carla_ros_scenario_runnerConfig.cmake
Symlinking /home/hua/文档/new_catkin_ws（graph）/devel/lib/python3/dist-packages/carla_ros_scenario_runner/__init__.py
Symlinking /home/hua/文档/new_catkin_ws（graph）/devel/lib/pkgconfig/carla_ros_scenario_runner.pc
Symlinking /home/hua/文档/new_catkin_ws（graph）/devel/lib/carla_ros_scenario_runner/carla_ros_scenario_runner_node.py
Symlinking /home/hua/文档/new_catkin_ws（graph）/devel/lib/carla_ros_scenario_runner/ros_vehicle_control.py
Symlinking /home/hua/文档/new_catkin_ws（graph）/devel/lib/carla_ros_scenario_runner/application_runner.py
Symlinking /home/hua/文档/new_catkin_ws（graph）/devel/lib/carla_ros_scenario_runner/cmake.lock
Symlinking /home/hua/文档/new_catkin_ws（graph）/devel/lib/carla_ros_scenario_runner/scenario_runner_runner.py
Cleaning: (/home/hua/new_catkin_ws（graph）/devel/.private/carla_ros_scenario_runner/cmake.lock, /home/hua/new_catkin_ws（graph）/devel/./cmake.lock)
Cleaning: (/home/hua/new_catkin_ws（graph）/devel/.private/carla_ros_scenario_runner/share/carla_ros_scenario_runner/cmake/carla_ros_scenario_runnerConfig-version.cmake, /home/hua/new_catkin_ws（graph）/devel/share/carla_ros_scenario_runner/cmake/carla_ros_scenario_runnerConfig-version.cmake)
Cleaning: (/home/hua/new_catkin_ws（graph）/devel/.private/carla_ros_scenario_runner/share/carla_ros_scenario_runner/cmake/carla_ros_scenario_runnerConfig.cmake, /home/hua/new_catkin_ws（graph）/devel/share/carla_ros_scenario_runner/cmake/carla_ros_scenario_runnerConfig.cmake)
Cleaning: (/home/hua/new_catkin_ws（graph）/devel/.private/carla_ros_scenario_runner/lib/python3/dist-packages/carla_ros_scenario_runner/__init__.py, /home/hua/new_catkin_ws（graph）/devel/lib/python3/dist-packages/carla_ros_scenario_runner/__init__.py)
Cleaning: (/home/hua/new_catkin_ws（graph）/devel/.private/carla_ros_scenario_runner/lib/pkgconfig/carla_ros_scenario_runner.pc, /home/hua/new_catkin_ws（graph）/devel/lib/pkgconfig/carla_ros_scenario_runner.pc)
Cleaning: (/home/hua/new_catkin_ws（graph）/devel/.private/carla_ros_scenario_runner/lib/carla_ros_scenario_runner/carla_ros_scenario_runner_node.py, /home/hua/new_catkin_ws（graph）/devel/lib/carla_ros_scenario_runner/carla_ros_scenario_runner_node.py)
Cleaning: (/home/hua/new_catkin_ws（graph）/devel/.private/carla_ros_scenario_runner/lib/carla_ros_scenario_runner/ros_vehicle_control.py, /home/hua/new_catkin_ws（graph）/devel/lib/carla_ros_scenario_runner/ros_vehicle_control.py)
Cleaning: (/home/hua/new_catkin_ws（graph）/devel/.private/carla_ros_scenario_runner/lib/carla_ros_scenario_runner/application_runner.py, /home/hua/new_catkin_ws（graph）/devel/lib/carla_ros_scenario_runner/application_runner.py)
Cleaning: (/home/hua/new_catkin_ws（graph）/devel/.private/carla_ros_scenario_runner/lib/carla_ros_scenario_runner/cmake.lock, /home/hua/new_catkin_ws（graph）/devel/lib/carla_ros_scenario_runner/cmake.lock)
Cleaning: (/home/hua/new_catkin_ws（graph）/devel/.private/carla_ros_scenario_runner/lib/carla_ros_scenario_runner/scenario_runner_runner.py, /home/hua/new_catkin_ws（graph）/devel/lib/carla_ros_scenario_runner/scenario_runner_runner.py)
Unlinking: /home/hua/new_catkin_ws（graph）/devel/share/carla_ros_scenario_runner/cmake/carla_ros_scenario_runnerConfig-version.cmake
Already unlinked: {}
Unlinking: /home/hua/new_catkin_ws（graph）/devel/share/carla_ros_scenario_runner/cmake/carla_ros_scenario_runnerConfig.cmake
Already unlinked: {}
Unlinking: /home/hua/new_catkin_ws（graph）/devel/lib/python3/dist-packages/carla_ros_scenario_runner/__init__.py
Already unlinked: {}
Unlinking: /home/hua/new_catkin_ws（graph）/devel/lib/pkgconfig/carla_ros_scenario_runner.pc
Already unlinked: {}
Unlinking: /home/hua/new_catkin_ws（graph）/devel/lib/carla_ros_scenario_runner/carla_ros_scenario_runner_node.py
Already unlinked: {}
Unlinking: /home/hua/new_catkin_ws（graph）/devel/lib/carla_ros_scenario_runner/ros_vehicle_control.py
Already unlinked: {}
Unlinking: /home/hua/new_catkin_ws（graph）/devel/lib/carla_ros_scenario_runner/application_runner.py
Already unlinked: {}
Unlinking: /home/hua/new_catkin_ws（graph）/devel/lib/carla_ros_scenario_runner/cmake.lock
Already unlinked: {}
Unlinking: /home/hua/new_catkin_ws（graph）/devel/lib/carla_ros_scenario_runner/scenario_runner_runner.py
Already unlinked: {}
