Symlinking /home/hua/文档/new_catkin_ws（graph）/devel/share/lqr_control/cmake/lqr_controlConfig-version.cmake
Symlinking /home/hua/文档/new_catkin_ws（graph）/devel/share/lqr_control/cmake/lqr_controlConfig.cmake
Symlinking /home/hua/文档/new_catkin_ws（graph）/devel/lib/liblqr_control.so
Symlinking /home/hua/文档/new_catkin_ws（graph）/devel/lib/pkgconfig/lqr_control.pc
Symlinking /home/hua/文档/new_catkin_ws（graph）/devel/lib/lqr_control/lqr_control_node
Cleaning: (/home/hua/new_catkin_ws（graph）/devel/.private/lqr_control/cmake.lock, /home/hua/new_catkin_ws（graph）/devel/./cmake.lock)
Cleaning: (/home/hua/new_catkin_ws（graph）/devel/.private/lqr_control/share/lqr_control/cmake/lqr_controlConfig-version.cmake, /home/hua/new_catkin_ws（graph）/devel/share/lqr_control/cmake/lqr_controlConfig-version.cmake)
Cleaning: (/home/hua/new_catkin_ws（graph）/devel/.private/lqr_control/share/lqr_control/cmake/lqr_controlConfig.cmake, /home/hua/new_catkin_ws（graph）/devel/share/lqr_control/cmake/lqr_controlConfig.cmake)
Cleaning: (/home/hua/new_catkin_ws（graph）/devel/.private/lqr_control/lib/liblqr_control.so, /home/hua/new_catkin_ws（graph）/devel/lib/liblqr_control.so)
Cleaning: (/home/hua/new_catkin_ws（graph）/devel/.private/lqr_control/lib/pkgconfig/lqr_control.pc, /home/hua/new_catkin_ws（graph）/devel/lib/pkgconfig/lqr_control.pc)
Cleaning: (/home/hua/new_catkin_ws（graph）/devel/.private/lqr_control/lib/lqr_control/lqr_control_node, /home/hua/new_catkin_ws（graph）/devel/lib/lqr_control/lqr_control_node)
Unlinking: /home/hua/new_catkin_ws（graph）/devel/share/lqr_control/cmake/lqr_controlConfig-version.cmake
Already unlinked: {}
Unlinking: /home/hua/new_catkin_ws（graph）/devel/share/lqr_control/cmake/lqr_controlConfig.cmake
Already unlinked: {}
Unlinking: /home/hua/new_catkin_ws（graph）/devel/lib/liblqr_control.so
Already unlinked: {}
Unlinking: /home/hua/new_catkin_ws（graph）/devel/lib/pkgconfig/lqr_control.pc
Already unlinked: {}
Unlinking: /home/hua/new_catkin_ws（graph）/devel/lib/lqr_control/lqr_control_node
Already unlinked: {}
