Symlinking /home/hua/shenlan-control/stanley/pro2_stanley/devel/share/roseus/ros/carla_ackermann_msgs/manifest.l
Symlinking /home/hua/shenlan-control/stanley/pro2_stanley/devel/share/roseus/ros/carla_ackermann_msgs/msg/EgoVehicleControlMaxima.l
Symlinking /home/hua/shenlan-control/stanley/pro2_stanley/devel/share/roseus/ros/carla_ackermann_msgs/msg/EgoVehicleControlCurrent.l
Symlinking /home/hua/shenlan-control/stanley/pro2_stanley/devel/share/roseus/ros/carla_ackermann_msgs/msg/EgoVehicleControlInfo.l
Symlinking /home/hua/shenlan-control/stanley/pro2_stanley/devel/share/roseus/ros/carla_ackermann_msgs/msg/EgoVehicleControlTarget.l
Symlinking /home/hua/shenlan-control/stanley/pro2_stanley/devel/share/roseus/ros/carla_ackermann_msgs/msg/EgoVehicleControlStatus.l
Symlinking /home/hua/shenlan-control/stanley/pro2_stanley/devel/share/carla_ackermann_msgs/cmake/carla_ackermann_msgsConfig.cmake
Symlinking /home/hua/shenlan-control/stanley/pro2_stanley/devel/share/carla_ackermann_msgs/cmake/carla_ackermann_msgsConfig-version.cmake
Symlinking /home/hua/shenlan-control/stanley/pro2_stanley/devel/share/carla_ackermann_msgs/cmake/carla_ackermann_msgs-msg-paths.cmake
Symlinking /home/hua/shenlan-control/stanley/pro2_stanley/devel/share/carla_ackermann_msgs/cmake/carla_ackermann_msgs-msg-extras.cmake
Symlinking /home/hua/shenlan-control/stanley/pro2_stanley/devel/share/gennodejs/ros/carla_ackermann_msgs/_index.js
Symlinking /home/hua/shenlan-control/stanley/pro2_stanley/devel/share/gennodejs/ros/carla_ackermann_msgs/msg/EgoVehicleControlInfo.js
Symlinking /home/hua/shenlan-control/stanley/pro2_stanley/devel/share/gennodejs/ros/carla_ackermann_msgs/msg/EgoVehicleControlStatus.js
Symlinking /home/hua/shenlan-control/stanley/pro2_stanley/devel/share/gennodejs/ros/carla_ackermann_msgs/msg/EgoVehicleControlCurrent.js
Symlinking /home/hua/shenlan-control/stanley/pro2_stanley/devel/share/gennodejs/ros/carla_ackermann_msgs/msg/EgoVehicleControlTarget.js
Symlinking /home/hua/shenlan-control/stanley/pro2_stanley/devel/share/gennodejs/ros/carla_ackermann_msgs/msg/_index.js
Symlinking /home/hua/shenlan-control/stanley/pro2_stanley/devel/share/gennodejs/ros/carla_ackermann_msgs/msg/EgoVehicleControlMaxima.js
Symlinking /home/hua/shenlan-control/stanley/pro2_stanley/devel/share/common-lisp/ros/carla_ackermann_msgs/msg/_package_EgoVehicleControlInfo.lisp
Symlinking /home/hua/shenlan-control/stanley/pro2_stanley/devel/share/common-lisp/ros/carla_ackermann_msgs/msg/_package_EgoVehicleControlStatus.lisp
Symlinking /home/hua/shenlan-control/stanley/pro2_stanley/devel/share/common-lisp/ros/carla_ackermann_msgs/msg/_package_EgoVehicleControlTarget.lisp
Symlinking /home/hua/shenlan-control/stanley/pro2_stanley/devel/share/common-lisp/ros/carla_ackermann_msgs/msg/carla_ackermann_msgs-msg.asd
Symlinking /home/hua/shenlan-control/stanley/pro2_stanley/devel/share/common-lisp/ros/carla_ackermann_msgs/msg/EgoVehicleControlStatus.lisp
Symlinking /home/hua/shenlan-control/stanley/pro2_stanley/devel/share/common-lisp/ros/carla_ackermann_msgs/msg/EgoVehicleControlMaxima.lisp
Symlinking /home/hua/shenlan-control/stanley/pro2_stanley/devel/share/common-lisp/ros/carla_ackermann_msgs/msg/EgoVehicleControlInfo.lisp
Symlinking /home/hua/shenlan-control/stanley/pro2_stanley/devel/share/common-lisp/ros/carla_ackermann_msgs/msg/_package_EgoVehicleControlMaxima.lisp
Symlinking /home/hua/shenlan-control/stanley/pro2_stanley/devel/share/common-lisp/ros/carla_ackermann_msgs/msg/_package_EgoVehicleControlCurrent.lisp
Symlinking /home/hua/shenlan-control/stanley/pro2_stanley/devel/share/common-lisp/ros/carla_ackermann_msgs/msg/EgoVehicleControlTarget.lisp
Symlinking /home/hua/shenlan-control/stanley/pro2_stanley/devel/share/common-lisp/ros/carla_ackermann_msgs/msg/EgoVehicleControlCurrent.lisp
Symlinking /home/hua/shenlan-control/stanley/pro2_stanley/devel/share/common-lisp/ros/carla_ackermann_msgs/msg/_package.lisp
Symlinking /home/hua/shenlan-control/stanley/pro2_stanley/devel/lib/python3/dist-packages/carla_ackermann_msgs/__init__.py
Symlinking /home/hua/shenlan-control/stanley/pro2_stanley/devel/lib/python3/dist-packages/carla_ackermann_msgs/msg/_EgoVehicleControlMaxima.py
Symlinking /home/hua/shenlan-control/stanley/pro2_stanley/devel/lib/python3/dist-packages/carla_ackermann_msgs/msg/_EgoVehicleControlCurrent.py
Symlinking /home/hua/shenlan-control/stanley/pro2_stanley/devel/lib/python3/dist-packages/carla_ackermann_msgs/msg/__init__.py
Symlinking /home/hua/shenlan-control/stanley/pro2_stanley/devel/lib/python3/dist-packages/carla_ackermann_msgs/msg/_EgoVehicleControlTarget.py
Symlinking /home/hua/shenlan-control/stanley/pro2_stanley/devel/lib/python3/dist-packages/carla_ackermann_msgs/msg/_EgoVehicleControlInfo.py
Symlinking /home/hua/shenlan-control/stanley/pro2_stanley/devel/lib/python3/dist-packages/carla_ackermann_msgs/msg/_EgoVehicleControlStatus.py
Symlinking /home/hua/shenlan-control/stanley/pro2_stanley/devel/lib/pkgconfig/carla_ackermann_msgs.pc
Symlinking /home/hua/shenlan-control/stanley/pro2_stanley/devel/include/carla_ackermann_msgs/EgoVehicleControlMaxima.h
Symlinking /home/hua/shenlan-control/stanley/pro2_stanley/devel/include/carla_ackermann_msgs/EgoVehicleControlStatus.h
Symlinking /home/hua/shenlan-control/stanley/pro2_stanley/devel/include/carla_ackermann_msgs/EgoVehicleControlCurrent.h
Symlinking /home/hua/shenlan-control/stanley/pro2_stanley/devel/include/carla_ackermann_msgs/EgoVehicleControlTarget.h
Symlinking /home/hua/shenlan-control/stanley/pro2_stanley/devel/include/carla_ackermann_msgs/EgoVehicleControlInfo.h
Cleaning: (/home/hua/deepblue_planning_control-master/pro2_stanley/devel/.private/carla_ackermann_msgs/cmake.lock, /home/hua/deepblue_planning_control-master/pro2_stanley/devel/./cmake.lock)
Cleaning: (/home/hua/deepblue_planning_control-master/pro2_stanley/devel/.private/carla_ackermann_msgs/share/roseus/ros/carla_ackermann_msgs/manifest.l, /home/hua/deepblue_planning_control-master/pro2_stanley/devel/share/roseus/ros/carla_ackermann_msgs/manifest.l)
Cleaning: (/home/hua/deepblue_planning_control-master/pro2_stanley/devel/.private/carla_ackermann_msgs/share/roseus/ros/carla_ackermann_msgs/msg/EgoVehicleControlMaxima.l, /home/hua/deepblue_planning_control-master/pro2_stanley/devel/share/roseus/ros/carla_ackermann_msgs/msg/EgoVehicleControlMaxima.l)
Cleaning: (/home/hua/deepblue_planning_control-master/pro2_stanley/devel/.private/carla_ackermann_msgs/share/roseus/ros/carla_ackermann_msgs/msg/EgoVehicleControlCurrent.l, /home/hua/deepblue_planning_control-master/pro2_stanley/devel/share/roseus/ros/carla_ackermann_msgs/msg/EgoVehicleControlCurrent.l)
Cleaning: (/home/hua/deepblue_planning_control-master/pro2_stanley/devel/.private/carla_ackermann_msgs/share/roseus/ros/carla_ackermann_msgs/msg/EgoVehicleControlInfo.l, /home/hua/deepblue_planning_control-master/pro2_stanley/devel/share/roseus/ros/carla_ackermann_msgs/msg/EgoVehicleControlInfo.l)
Cleaning: (/home/hua/deepblue_planning_control-master/pro2_stanley/devel/.private/carla_ackermann_msgs/share/roseus/ros/carla_ackermann_msgs/msg/EgoVehicleControlTarget.l, /home/hua/deepblue_planning_control-master/pro2_stanley/devel/share/roseus/ros/carla_ackermann_msgs/msg/EgoVehicleControlTarget.l)
Cleaning: (/home/hua/deepblue_planning_control-master/pro2_stanley/devel/.private/carla_ackermann_msgs/share/roseus/ros/carla_ackermann_msgs/msg/EgoVehicleControlStatus.l, /home/hua/deepblue_planning_control-master/pro2_stanley/devel/share/roseus/ros/carla_ackermann_msgs/msg/EgoVehicleControlStatus.l)
Cleaning: (/home/hua/deepblue_planning_control-master/pro2_stanley/devel/.private/carla_ackermann_msgs/share/carla_ackermann_msgs/cmake/carla_ackermann_msgsConfig.cmake, /home/hua/deepblue_planning_control-master/pro2_stanley/devel/share/carla_ackermann_msgs/cmake/carla_ackermann_msgsConfig.cmake)
Cleaning: (/home/hua/deepblue_planning_control-master/pro2_stanley/devel/.private/carla_ackermann_msgs/share/carla_ackermann_msgs/cmake/carla_ackermann_msgsConfig-version.cmake, /home/hua/deepblue_planning_control-master/pro2_stanley/devel/share/carla_ackermann_msgs/cmake/carla_ackermann_msgsConfig-version.cmake)
Cleaning: (/home/hua/deepblue_planning_control-master/pro2_stanley/devel/.private/carla_ackermann_msgs/share/carla_ackermann_msgs/cmake/carla_ackermann_msgs-msg-paths.cmake, /home/hua/deepblue_planning_control-master/pro2_stanley/devel/share/carla_ackermann_msgs/cmake/carla_ackermann_msgs-msg-paths.cmake)
Cleaning: (/home/hua/deepblue_planning_control-master/pro2_stanley/devel/.private/carla_ackermann_msgs/share/carla_ackermann_msgs/cmake/carla_ackermann_msgs-msg-extras.cmake, /home/hua/deepblue_planning_control-master/pro2_stanley/devel/share/carla_ackermann_msgs/cmake/carla_ackermann_msgs-msg-extras.cmake)
Cleaning: (/home/hua/deepblue_planning_control-master/pro2_stanley/devel/.private/carla_ackermann_msgs/share/gennodejs/ros/carla_ackermann_msgs/_index.js, /home/hua/deepblue_planning_control-master/pro2_stanley/devel/share/gennodejs/ros/carla_ackermann_msgs/_index.js)
Cleaning: (/home/hua/deepblue_planning_control-master/pro2_stanley/devel/.private/carla_ackermann_msgs/share/gennodejs/ros/carla_ackermann_msgs/msg/EgoVehicleControlInfo.js, /home/hua/deepblue_planning_control-master/pro2_stanley/devel/share/gennodejs/ros/carla_ackermann_msgs/msg/EgoVehicleControlInfo.js)
Cleaning: (/home/hua/deepblue_planning_control-master/pro2_stanley/devel/.private/carla_ackermann_msgs/share/gennodejs/ros/carla_ackermann_msgs/msg/EgoVehicleControlStatus.js, /home/hua/deepblue_planning_control-master/pro2_stanley/devel/share/gennodejs/ros/carla_ackermann_msgs/msg/EgoVehicleControlStatus.js)
Cleaning: (/home/hua/deepblue_planning_control-master/pro2_stanley/devel/.private/carla_ackermann_msgs/share/gennodejs/ros/carla_ackermann_msgs/msg/EgoVehicleControlCurrent.js, /home/hua/deepblue_planning_control-master/pro2_stanley/devel/share/gennodejs/ros/carla_ackermann_msgs/msg/EgoVehicleControlCurrent.js)
Cleaning: (/home/hua/deepblue_planning_control-master/pro2_stanley/devel/.private/carla_ackermann_msgs/share/gennodejs/ros/carla_ackermann_msgs/msg/EgoVehicleControlTarget.js, /home/hua/deepblue_planning_control-master/pro2_stanley/devel/share/gennodejs/ros/carla_ackermann_msgs/msg/EgoVehicleControlTarget.js)
Cleaning: (/home/hua/deepblue_planning_control-master/pro2_stanley/devel/.private/carla_ackermann_msgs/share/gennodejs/ros/carla_ackermann_msgs/msg/_index.js, /home/hua/deepblue_planning_control-master/pro2_stanley/devel/share/gennodejs/ros/carla_ackermann_msgs/msg/_index.js)
Cleaning: (/home/hua/deepblue_planning_control-master/pro2_stanley/devel/.private/carla_ackermann_msgs/share/gennodejs/ros/carla_ackermann_msgs/msg/EgoVehicleControlMaxima.js, /home/hua/deepblue_planning_control-master/pro2_stanley/devel/share/gennodejs/ros/carla_ackermann_msgs/msg/EgoVehicleControlMaxima.js)
Cleaning: (/home/hua/deepblue_planning_control-master/pro2_stanley/devel/.private/carla_ackermann_msgs/share/common-lisp/ros/carla_ackermann_msgs/msg/_package_EgoVehicleControlInfo.lisp, /home/hua/deepblue_planning_control-master/pro2_stanley/devel/share/common-lisp/ros/carla_ackermann_msgs/msg/_package_EgoVehicleControlInfo.lisp)
Cleaning: (/home/hua/deepblue_planning_control-master/pro2_stanley/devel/.private/carla_ackermann_msgs/share/common-lisp/ros/carla_ackermann_msgs/msg/_package_EgoVehicleControlStatus.lisp, /home/hua/deepblue_planning_control-master/pro2_stanley/devel/share/common-lisp/ros/carla_ackermann_msgs/msg/_package_EgoVehicleControlStatus.lisp)
Cleaning: (/home/hua/deepblue_planning_control-master/pro2_stanley/devel/.private/carla_ackermann_msgs/share/common-lisp/ros/carla_ackermann_msgs/msg/_package_EgoVehicleControlTarget.lisp, /home/hua/deepblue_planning_control-master/pro2_stanley/devel/share/common-lisp/ros/carla_ackermann_msgs/msg/_package_EgoVehicleControlTarget.lisp)
Cleaning: (/home/hua/deepblue_planning_control-master/pro2_stanley/devel/.private/carla_ackermann_msgs/share/common-lisp/ros/carla_ackermann_msgs/msg/carla_ackermann_msgs-msg.asd, /home/hua/deepblue_planning_control-master/pro2_stanley/devel/share/common-lisp/ros/carla_ackermann_msgs/msg/carla_ackermann_msgs-msg.asd)
Cleaning: (/home/hua/deepblue_planning_control-master/pro2_stanley/devel/.private/carla_ackermann_msgs/share/common-lisp/ros/carla_ackermann_msgs/msg/EgoVehicleControlStatus.lisp, /home/hua/deepblue_planning_control-master/pro2_stanley/devel/share/common-lisp/ros/carla_ackermann_msgs/msg/EgoVehicleControlStatus.lisp)
Cleaning: (/home/hua/deepblue_planning_control-master/pro2_stanley/devel/.private/carla_ackermann_msgs/share/common-lisp/ros/carla_ackermann_msgs/msg/EgoVehicleControlMaxima.lisp, /home/hua/deepblue_planning_control-master/pro2_stanley/devel/share/common-lisp/ros/carla_ackermann_msgs/msg/EgoVehicleControlMaxima.lisp)
Cleaning: (/home/hua/deepblue_planning_control-master/pro2_stanley/devel/.private/carla_ackermann_msgs/share/common-lisp/ros/carla_ackermann_msgs/msg/EgoVehicleControlInfo.lisp, /home/hua/deepblue_planning_control-master/pro2_stanley/devel/share/common-lisp/ros/carla_ackermann_msgs/msg/EgoVehicleControlInfo.lisp)
Cleaning: (/home/hua/deepblue_planning_control-master/pro2_stanley/devel/.private/carla_ackermann_msgs/share/common-lisp/ros/carla_ackermann_msgs/msg/_package_EgoVehicleControlMaxima.lisp, /home/hua/deepblue_planning_control-master/pro2_stanley/devel/share/common-lisp/ros/carla_ackermann_msgs/msg/_package_EgoVehicleControlMaxima.lisp)
Cleaning: (/home/hua/deepblue_planning_control-master/pro2_stanley/devel/.private/carla_ackermann_msgs/share/common-lisp/ros/carla_ackermann_msgs/msg/_package_EgoVehicleControlCurrent.lisp, /home/hua/deepblue_planning_control-master/pro2_stanley/devel/share/common-lisp/ros/carla_ackermann_msgs/msg/_package_EgoVehicleControlCurrent.lisp)
Cleaning: (/home/hua/deepblue_planning_control-master/pro2_stanley/devel/.private/carla_ackermann_msgs/share/common-lisp/ros/carla_ackermann_msgs/msg/EgoVehicleControlTarget.lisp, /home/hua/deepblue_planning_control-master/pro2_stanley/devel/share/common-lisp/ros/carla_ackermann_msgs/msg/EgoVehicleControlTarget.lisp)
Cleaning: (/home/hua/deepblue_planning_control-master/pro2_stanley/devel/.private/carla_ackermann_msgs/share/common-lisp/ros/carla_ackermann_msgs/msg/EgoVehicleControlCurrent.lisp, /home/hua/deepblue_planning_control-master/pro2_stanley/devel/share/common-lisp/ros/carla_ackermann_msgs/msg/EgoVehicleControlCurrent.lisp)
Cleaning: (/home/hua/deepblue_planning_control-master/pro2_stanley/devel/.private/carla_ackermann_msgs/share/common-lisp/ros/carla_ackermann_msgs/msg/_package.lisp, /home/hua/deepblue_planning_control-master/pro2_stanley/devel/share/common-lisp/ros/carla_ackermann_msgs/msg/_package.lisp)
Cleaning: (/home/hua/deepblue_planning_control-master/pro2_stanley/devel/.private/carla_ackermann_msgs/lib/python3/dist-packages/carla_ackermann_msgs/__init__.py, /home/hua/deepblue_planning_control-master/pro2_stanley/devel/lib/python3/dist-packages/carla_ackermann_msgs/__init__.py)
Cleaning: (/home/hua/deepblue_planning_control-master/pro2_stanley/devel/.private/carla_ackermann_msgs/lib/python3/dist-packages/carla_ackermann_msgs/msg/_EgoVehicleControlMaxima.py, /home/hua/deepblue_planning_control-master/pro2_stanley/devel/lib/python3/dist-packages/carla_ackermann_msgs/msg/_EgoVehicleControlMaxima.py)
Cleaning: (/home/hua/deepblue_planning_control-master/pro2_stanley/devel/.private/carla_ackermann_msgs/lib/python3/dist-packages/carla_ackermann_msgs/msg/_EgoVehicleControlCurrent.py, /home/hua/deepblue_planning_control-master/pro2_stanley/devel/lib/python3/dist-packages/carla_ackermann_msgs/msg/_EgoVehicleControlCurrent.py)
Cleaning: (/home/hua/deepblue_planning_control-master/pro2_stanley/devel/.private/carla_ackermann_msgs/lib/python3/dist-packages/carla_ackermann_msgs/msg/__init__.py, /home/hua/deepblue_planning_control-master/pro2_stanley/devel/lib/python3/dist-packages/carla_ackermann_msgs/msg/__init__.py)
Cleaning: (/home/hua/deepblue_planning_control-master/pro2_stanley/devel/.private/carla_ackermann_msgs/lib/python3/dist-packages/carla_ackermann_msgs/msg/_EgoVehicleControlTarget.py, /home/hua/deepblue_planning_control-master/pro2_stanley/devel/lib/python3/dist-packages/carla_ackermann_msgs/msg/_EgoVehicleControlTarget.py)
Cleaning: (/home/hua/deepblue_planning_control-master/pro2_stanley/devel/.private/carla_ackermann_msgs/lib/python3/dist-packages/carla_ackermann_msgs/msg/_EgoVehicleControlInfo.py, /home/hua/deepblue_planning_control-master/pro2_stanley/devel/lib/python3/dist-packages/carla_ackermann_msgs/msg/_EgoVehicleControlInfo.py)
Cleaning: (/home/hua/deepblue_planning_control-master/pro2_stanley/devel/.private/carla_ackermann_msgs/lib/python3/dist-packages/carla_ackermann_msgs/msg/_EgoVehicleControlStatus.py, /home/hua/deepblue_planning_control-master/pro2_stanley/devel/lib/python3/dist-packages/carla_ackermann_msgs/msg/_EgoVehicleControlStatus.py)
Cleaning: (/home/hua/deepblue_planning_control-master/pro2_stanley/devel/.private/carla_ackermann_msgs/lib/pkgconfig/carla_ackermann_msgs.pc, /home/hua/deepblue_planning_control-master/pro2_stanley/devel/lib/pkgconfig/carla_ackermann_msgs.pc)
Cleaning: (/home/hua/deepblue_planning_control-master/pro2_stanley/devel/.private/carla_ackermann_msgs/include/carla_ackermann_msgs/EgoVehicleControlMaxima.h, /home/hua/deepblue_planning_control-master/pro2_stanley/devel/include/carla_ackermann_msgs/EgoVehicleControlMaxima.h)
Cleaning: (/home/hua/deepblue_planning_control-master/pro2_stanley/devel/.private/carla_ackermann_msgs/include/carla_ackermann_msgs/EgoVehicleControlStatus.h, /home/hua/deepblue_planning_control-master/pro2_stanley/devel/include/carla_ackermann_msgs/EgoVehicleControlStatus.h)
Cleaning: (/home/hua/deepblue_planning_control-master/pro2_stanley/devel/.private/carla_ackermann_msgs/include/carla_ackermann_msgs/EgoVehicleControlCurrent.h, /home/hua/deepblue_planning_control-master/pro2_stanley/devel/include/carla_ackermann_msgs/EgoVehicleControlCurrent.h)
Cleaning: (/home/hua/deepblue_planning_control-master/pro2_stanley/devel/.private/carla_ackermann_msgs/include/carla_ackermann_msgs/EgoVehicleControlTarget.h, /home/hua/deepblue_planning_control-master/pro2_stanley/devel/include/carla_ackermann_msgs/EgoVehicleControlTarget.h)
Cleaning: (/home/hua/deepblue_planning_control-master/pro2_stanley/devel/.private/carla_ackermann_msgs/include/carla_ackermann_msgs/EgoVehicleControlInfo.h, /home/hua/deepblue_planning_control-master/pro2_stanley/devel/include/carla_ackermann_msgs/EgoVehicleControlInfo.h)
Unlinking: /home/hua/deepblue_planning_control-master/pro2_stanley/devel/share/roseus/ros/carla_ackermann_msgs/manifest.l
Unlinking: /home/hua/deepblue_planning_control-master/pro2_stanley/devel/share/roseus/ros/carla_ackermann_msgs/msg/EgoVehicleControlMaxima.l
Unlinking: /home/hua/deepblue_planning_control-master/pro2_stanley/devel/share/roseus/ros/carla_ackermann_msgs/msg/EgoVehicleControlCurrent.l
Unlinking: /home/hua/deepblue_planning_control-master/pro2_stanley/devel/share/roseus/ros/carla_ackermann_msgs/msg/EgoVehicleControlInfo.l
Unlinking: /home/hua/deepblue_planning_control-master/pro2_stanley/devel/share/roseus/ros/carla_ackermann_msgs/msg/EgoVehicleControlTarget.l
Unlinking: /home/hua/deepblue_planning_control-master/pro2_stanley/devel/share/roseus/ros/carla_ackermann_msgs/msg/EgoVehicleControlStatus.l
Unlinking: /home/hua/deepblue_planning_control-master/pro2_stanley/devel/share/carla_ackermann_msgs/cmake/carla_ackermann_msgsConfig.cmake
Unlinking: /home/hua/deepblue_planning_control-master/pro2_stanley/devel/share/carla_ackermann_msgs/cmake/carla_ackermann_msgsConfig-version.cmake
Unlinking: /home/hua/deepblue_planning_control-master/pro2_stanley/devel/share/carla_ackermann_msgs/cmake/carla_ackermann_msgs-msg-paths.cmake
Unlinking: /home/hua/deepblue_planning_control-master/pro2_stanley/devel/share/carla_ackermann_msgs/cmake/carla_ackermann_msgs-msg-extras.cmake
Unlinking: /home/hua/deepblue_planning_control-master/pro2_stanley/devel/share/gennodejs/ros/carla_ackermann_msgs/_index.js
Unlinking: /home/hua/deepblue_planning_control-master/pro2_stanley/devel/share/gennodejs/ros/carla_ackermann_msgs/msg/EgoVehicleControlInfo.js
Unlinking: /home/hua/deepblue_planning_control-master/pro2_stanley/devel/share/gennodejs/ros/carla_ackermann_msgs/msg/EgoVehicleControlStatus.js
Unlinking: /home/hua/deepblue_planning_control-master/pro2_stanley/devel/share/gennodejs/ros/carla_ackermann_msgs/msg/EgoVehicleControlCurrent.js
Unlinking: /home/hua/deepblue_planning_control-master/pro2_stanley/devel/share/gennodejs/ros/carla_ackermann_msgs/msg/EgoVehicleControlTarget.js
Unlinking: /home/hua/deepblue_planning_control-master/pro2_stanley/devel/share/gennodejs/ros/carla_ackermann_msgs/msg/_index.js
Unlinking: /home/hua/deepblue_planning_control-master/pro2_stanley/devel/share/gennodejs/ros/carla_ackermann_msgs/msg/EgoVehicleControlMaxima.js
Unlinking: /home/hua/deepblue_planning_control-master/pro2_stanley/devel/share/common-lisp/ros/carla_ackermann_msgs/msg/_package_EgoVehicleControlInfo.lisp
Unlinking: /home/hua/deepblue_planning_control-master/pro2_stanley/devel/share/common-lisp/ros/carla_ackermann_msgs/msg/_package_EgoVehicleControlStatus.lisp
Unlinking: /home/hua/deepblue_planning_control-master/pro2_stanley/devel/share/common-lisp/ros/carla_ackermann_msgs/msg/_package_EgoVehicleControlTarget.lisp
Unlinking: /home/hua/deepblue_planning_control-master/pro2_stanley/devel/share/common-lisp/ros/carla_ackermann_msgs/msg/carla_ackermann_msgs-msg.asd
Unlinking: /home/hua/deepblue_planning_control-master/pro2_stanley/devel/share/common-lisp/ros/carla_ackermann_msgs/msg/EgoVehicleControlStatus.lisp
Unlinking: /home/hua/deepblue_planning_control-master/pro2_stanley/devel/share/common-lisp/ros/carla_ackermann_msgs/msg/EgoVehicleControlMaxima.lisp
Unlinking: /home/hua/deepblue_planning_control-master/pro2_stanley/devel/share/common-lisp/ros/carla_ackermann_msgs/msg/EgoVehicleControlInfo.lisp
Unlinking: /home/hua/deepblue_planning_control-master/pro2_stanley/devel/share/common-lisp/ros/carla_ackermann_msgs/msg/_package_EgoVehicleControlMaxima.lisp
Unlinking: /home/hua/deepblue_planning_control-master/pro2_stanley/devel/share/common-lisp/ros/carla_ackermann_msgs/msg/_package_EgoVehicleControlCurrent.lisp
Unlinking: /home/hua/deepblue_planning_control-master/pro2_stanley/devel/share/common-lisp/ros/carla_ackermann_msgs/msg/EgoVehicleControlTarget.lisp
Unlinking: /home/hua/deepblue_planning_control-master/pro2_stanley/devel/share/common-lisp/ros/carla_ackermann_msgs/msg/EgoVehicleControlCurrent.lisp
Unlinking: /home/hua/deepblue_planning_control-master/pro2_stanley/devel/share/common-lisp/ros/carla_ackermann_msgs/msg/_package.lisp
Unlinking: /home/hua/deepblue_planning_control-master/pro2_stanley/devel/lib/python3/dist-packages/carla_ackermann_msgs/__init__.py
Unlinking: /home/hua/deepblue_planning_control-master/pro2_stanley/devel/lib/python3/dist-packages/carla_ackermann_msgs/msg/_EgoVehicleControlMaxima.py
Unlinking: /home/hua/deepblue_planning_control-master/pro2_stanley/devel/lib/python3/dist-packages/carla_ackermann_msgs/msg/_EgoVehicleControlCurrent.py
Unlinking: /home/hua/deepblue_planning_control-master/pro2_stanley/devel/lib/python3/dist-packages/carla_ackermann_msgs/msg/__init__.py
Unlinking: /home/hua/deepblue_planning_control-master/pro2_stanley/devel/lib/python3/dist-packages/carla_ackermann_msgs/msg/_EgoVehicleControlTarget.py
Unlinking: /home/hua/deepblue_planning_control-master/pro2_stanley/devel/lib/python3/dist-packages/carla_ackermann_msgs/msg/_EgoVehicleControlInfo.py
Unlinking: /home/hua/deepblue_planning_control-master/pro2_stanley/devel/lib/python3/dist-packages/carla_ackermann_msgs/msg/_EgoVehicleControlStatus.py
Unlinking: /home/hua/deepblue_planning_control-master/pro2_stanley/devel/lib/pkgconfig/carla_ackermann_msgs.pc
Unlinking: /home/hua/deepblue_planning_control-master/pro2_stanley/devel/include/carla_ackermann_msgs/EgoVehicleControlMaxima.h
Unlinking: /home/hua/deepblue_planning_control-master/pro2_stanley/devel/include/carla_ackermann_msgs/EgoVehicleControlStatus.h
Unlinking: /home/hua/deepblue_planning_control-master/pro2_stanley/devel/include/carla_ackermann_msgs/EgoVehicleControlCurrent.h
Unlinking: /home/hua/deepblue_planning_control-master/pro2_stanley/devel/include/carla_ackermann_msgs/EgoVehicleControlTarget.h
Unlinking: /home/hua/deepblue_planning_control-master/pro2_stanley/devel/include/carla_ackermann_msgs/EgoVehicleControlInfo.h
