Symlinking /home/hua/文档/new_catkin_ws（graph）/devel/share/rqt_carla_control/cmake/rqt_carla_controlConfig-version.cmake
Symlinking /home/hua/文档/new_catkin_ws（graph）/devel/share/rqt_carla_control/cmake/rqt_carla_controlConfig.cmake
Symlinking /home/hua/文档/new_catkin_ws（graph）/devel/lib/python3/dist-packages/rqt_carla_control/__init__.py
Symlinking /home/hua/文档/new_catkin_ws（graph）/devel/lib/pkgconfig/rqt_carla_control.pc
Symlinking /home/hua/文档/new_catkin_ws（graph）/devel/lib/rqt_carla_control/cmake.lock
Symlinking /home/hua/文档/new_catkin_ws（graph）/devel/lib/rqt_carla_control/rqt_carla_control.py
Cleaning: (/home/hua/new_catkin_ws（graph）/devel/.private/rqt_carla_control/cmake.lock, /home/hua/new_catkin_ws（graph）/devel/./cmake.lock)
Cleaning: (/home/hua/new_catkin_ws（graph）/devel/.private/rqt_carla_control/share/rqt_carla_control/cmake/rqt_carla_controlConfig-version.cmake, /home/hua/new_catkin_ws（graph）/devel/share/rqt_carla_control/cmake/rqt_carla_controlConfig-version.cmake)
Cleaning: (/home/hua/new_catkin_ws（graph）/devel/.private/rqt_carla_control/share/rqt_carla_control/cmake/rqt_carla_controlConfig.cmake, /home/hua/new_catkin_ws（graph）/devel/share/rqt_carla_control/cmake/rqt_carla_controlConfig.cmake)
Cleaning: (/home/hua/new_catkin_ws（graph）/devel/.private/rqt_carla_control/lib/python3/dist-packages/rqt_carla_control/__init__.py, /home/hua/new_catkin_ws（graph）/devel/lib/python3/dist-packages/rqt_carla_control/__init__.py)
Cleaning: (/home/hua/new_catkin_ws（graph）/devel/.private/rqt_carla_control/lib/pkgconfig/rqt_carla_control.pc, /home/hua/new_catkin_ws（graph）/devel/lib/pkgconfig/rqt_carla_control.pc)
Cleaning: (/home/hua/new_catkin_ws（graph）/devel/.private/rqt_carla_control/lib/rqt_carla_control/cmake.lock, /home/hua/new_catkin_ws（graph）/devel/lib/rqt_carla_control/cmake.lock)
Cleaning: (/home/hua/new_catkin_ws（graph）/devel/.private/rqt_carla_control/lib/rqt_carla_control/rqt_carla_control.py, /home/hua/new_catkin_ws（graph）/devel/lib/rqt_carla_control/rqt_carla_control.py)
Unlinking: /home/hua/new_catkin_ws（graph）/devel/share/rqt_carla_control/cmake/rqt_carla_controlConfig-version.cmake
Already unlinked: {}
Unlinking: /home/hua/new_catkin_ws（graph）/devel/share/rqt_carla_control/cmake/rqt_carla_controlConfig.cmake
Already unlinked: {}
Unlinking: /home/hua/new_catkin_ws（graph）/devel/lib/python3/dist-packages/rqt_carla_control/__init__.py
Already unlinked: {}
Unlinking: /home/hua/new_catkin_ws（graph）/devel/lib/pkgconfig/rqt_carla_control.pc
Already unlinked: {}
Unlinking: /home/hua/new_catkin_ws（graph）/devel/lib/rqt_carla_control/cmake.lock
Already unlinked: {}
Unlinking: /home/hua/new_catkin_ws（graph）/devel/lib/rqt_carla_control/rqt_carla_control.py
Already unlinked: {}
