Symlinking /home/hua/文档/new_catkin_ws（graph）/devel/share/ros_viz_tools/cmake/ros_viz_toolsConfig.cmake
Symlinking /home/hua/文档/new_catkin_ws（graph）/devel/share/ros_viz_tools/cmake/ros_viz_toolsConfig-version.cmake
Symlinking /home/hua/文档/new_catkin_ws（graph）/devel/lib/libros_viz_tools.so
Symlinking /home/hua/文档/new_catkin_ws（graph）/devel/lib/pkgconfig/ros_viz_tools.pc
Symlinking /home/hua/文档/new_catkin_ws（graph）/devel/lib/ros_viz_tools/demo_node
Cleaning: (/home/hua/new_catkin_ws（graph）/devel/.private/ros_viz_tools/cmake.lock, /home/hua/new_catkin_ws（graph）/devel/./cmake.lock)
Cleaning: (/home/hua/new_catkin_ws（graph）/devel/.private/ros_viz_tools/share/ros_viz_tools/cmake/ros_viz_toolsConfig.cmake, /home/hua/new_catkin_ws（graph）/devel/share/ros_viz_tools/cmake/ros_viz_toolsConfig.cmake)
Cleaning: (/home/hua/new_catkin_ws（graph）/devel/.private/ros_viz_tools/share/ros_viz_tools/cmake/ros_viz_toolsConfig-version.cmake, /home/hua/new_catkin_ws（graph）/devel/share/ros_viz_tools/cmake/ros_viz_toolsConfig-version.cmake)
Cleaning: (/home/hua/new_catkin_ws（graph）/devel/.private/ros_viz_tools/lib/libros_viz_tools.so, /home/hua/new_catkin_ws（graph）/devel/lib/libros_viz_tools.so)
Cleaning: (/home/hua/new_catkin_ws（graph）/devel/.private/ros_viz_tools/lib/pkgconfig/ros_viz_tools.pc, /home/hua/new_catkin_ws（graph）/devel/lib/pkgconfig/ros_viz_tools.pc)
Cleaning: (/home/hua/new_catkin_ws（graph）/devel/.private/ros_viz_tools/lib/ros_viz_tools/demo_node, /home/hua/new_catkin_ws（graph）/devel/lib/ros_viz_tools/demo_node)
Unlinking: /home/hua/new_catkin_ws（graph）/devel/share/ros_viz_tools/cmake/ros_viz_toolsConfig.cmake
Already unlinked: {}
Unlinking: /home/hua/new_catkin_ws（graph）/devel/share/ros_viz_tools/cmake/ros_viz_toolsConfig-version.cmake
Already unlinked: {}
Unlinking: /home/hua/new_catkin_ws（graph）/devel/lib/libros_viz_tools.so
Already unlinked: {}
Unlinking: /home/hua/new_catkin_ws（graph）/devel/lib/pkgconfig/ros_viz_tools.pc
Already unlinked: {}
Unlinking: /home/hua/new_catkin_ws（graph）/devel/lib/ros_viz_tools/demo_node
Already unlinked: {}
