Symlinking /home/hua/shenlan-control/stanley/catkin_ws/devel/share/carla_common/cmake/carla_commonConfig.cmake
Symlinking /home/hua/shenlan-control/stanley/catkin_ws/devel/share/carla_common/cmake/carla_commonConfig-version.cmake
Symlinking /home/hua/shenlan-control/stanley/catkin_ws/devel/lib/python3/dist-packages/carla_common/__init__.py
Symlinking /home/hua/shenlan-control/stanley/catkin_ws/devel/lib/pkgconfig/carla_common.pc
Symlinking /home/hua/shenlan-control/stanley/catkin_ws/devel/lib/carla_common/transforms.py
Symlinking /home/hua/shenlan-control/stanley/catkin_ws/devel/lib/carla_common/cmake.lock
Cleaning: (/home/hua/catkin_ws/devel/.private/carla_common/cmake.lock, /home/hua/catkin_ws/devel/./cmake.lock)
Cleaning: (/home/hua/catkin_ws/devel/.private/carla_common/share/carla_common/cmake/carla_commonConfig.cmake, /home/hua/catkin_ws/devel/share/carla_common/cmake/carla_commonConfig.cmake)
Cleaning: (/home/hua/catkin_ws/devel/.private/carla_common/share/carla_common/cmake/carla_commonConfig-version.cmake, /home/hua/catkin_ws/devel/share/carla_common/cmake/carla_commonConfig-version.cmake)
Cleaning: (/home/hua/catkin_ws/devel/.private/carla_common/lib/python3/dist-packages/carla_common/__init__.py, /home/hua/catkin_ws/devel/lib/python3/dist-packages/carla_common/__init__.py)
Cleaning: (/home/hua/catkin_ws/devel/.private/carla_common/lib/pkgconfig/carla_common.pc, /home/hua/catkin_ws/devel/lib/pkgconfig/carla_common.pc)
Cleaning: (/home/hua/catkin_ws/devel/.private/carla_common/lib/carla_common/transforms.py, /home/hua/catkin_ws/devel/lib/carla_common/transforms.py)
Cleaning: (/home/hua/catkin_ws/devel/.private/carla_common/lib/carla_common/cmake.lock, /home/hua/catkin_ws/devel/lib/carla_common/cmake.lock)
Unlinking: /home/hua/catkin_ws/devel/share/carla_common/cmake/carla_commonConfig.cmake
Already unlinked: {}
Unlinking: /home/hua/catkin_ws/devel/share/carla_common/cmake/carla_commonConfig-version.cmake
Already unlinked: {}
Unlinking: /home/hua/catkin_ws/devel/lib/python3/dist-packages/carla_common/__init__.py
Already unlinked: {}
Unlinking: /home/hua/catkin_ws/devel/lib/pkgconfig/carla_common.pc
Already unlinked: {}
Unlinking: /home/hua/catkin_ws/devel/lib/carla_common/transforms.py
Already unlinked: {}
Unlinking: /home/hua/catkin_ws/devel/lib/carla_common/cmake.lock
Already unlinked: {}
