Symlinking /home/hua/shenlan-control/stanley/pro2_stanley/devel/share/carla_ros_scenario_runner/cmake/carla_ros_scenario_runnerConfig-version.cmake
Symlinking /home/hua/shenlan-control/stanley/pro2_stanley/devel/share/carla_ros_scenario_runner/cmake/carla_ros_scenario_runnerConfig.cmake
Symlinking /home/hua/shenlan-control/stanley/pro2_stanley/devel/lib/python3/dist-packages/carla_ros_scenario_runner/__init__.py
Symlinking /home/hua/shenlan-control/stanley/pro2_stanley/devel/lib/pkgconfig/carla_ros_scenario_runner.pc
Symlinking /home/hua/shenlan-control/stanley/pro2_stanley/devel/lib/carla_ros_scenario_runner/carla_ros_scenario_runner_node.py
Symlinking /home/hua/shenlan-control/stanley/pro2_stanley/devel/lib/carla_ros_scenario_runner/ros_vehicle_control.py
Symlinking /home/hua/shenlan-control/stanley/pro2_stanley/devel/lib/carla_ros_scenario_runner/application_runner.py
Symlinking /home/hua/shenlan-control/stanley/pro2_stanley/devel/lib/carla_ros_scenario_runner/cmake.lock
Symlinking /home/hua/shenlan-control/stanley/pro2_stanley/devel/lib/carla_ros_scenario_runner/scenario_runner_runner.py
Cleaning: (/home/hua/deepblue_planning_control-master/pro2_stanley/devel/.private/carla_ros_scenario_runner/cmake.lock, /home/hua/deepblue_planning_control-master/pro2_stanley/devel/./cmake.lock)
Cleaning: (/home/hua/deepblue_planning_control-master/pro2_stanley/devel/.private/carla_ros_scenario_runner/share/carla_ros_scenario_runner/cmake/carla_ros_scenario_runnerConfig-version.cmake, /home/hua/deepblue_planning_control-master/pro2_stanley/devel/share/carla_ros_scenario_runner/cmake/carla_ros_scenario_runnerConfig-version.cmake)
Cleaning: (/home/hua/deepblue_planning_control-master/pro2_stanley/devel/.private/carla_ros_scenario_runner/share/carla_ros_scenario_runner/cmake/carla_ros_scenario_runnerConfig.cmake, /home/hua/deepblue_planning_control-master/pro2_stanley/devel/share/carla_ros_scenario_runner/cmake/carla_ros_scenario_runnerConfig.cmake)
Cleaning: (/home/hua/deepblue_planning_control-master/pro2_stanley/devel/.private/carla_ros_scenario_runner/lib/python3/dist-packages/carla_ros_scenario_runner/__init__.py, /home/hua/deepblue_planning_control-master/pro2_stanley/devel/lib/python3/dist-packages/carla_ros_scenario_runner/__init__.py)
Cleaning: (/home/hua/deepblue_planning_control-master/pro2_stanley/devel/.private/carla_ros_scenario_runner/lib/pkgconfig/carla_ros_scenario_runner.pc, /home/hua/deepblue_planning_control-master/pro2_stanley/devel/lib/pkgconfig/carla_ros_scenario_runner.pc)
Cleaning: (/home/hua/deepblue_planning_control-master/pro2_stanley/devel/.private/carla_ros_scenario_runner/lib/carla_ros_scenario_runner/carla_ros_scenario_runner_node.py, /home/hua/deepblue_planning_control-master/pro2_stanley/devel/lib/carla_ros_scenario_runner/carla_ros_scenario_runner_node.py)
Cleaning: (/home/hua/deepblue_planning_control-master/pro2_stanley/devel/.private/carla_ros_scenario_runner/lib/carla_ros_scenario_runner/ros_vehicle_control.py, /home/hua/deepblue_planning_control-master/pro2_stanley/devel/lib/carla_ros_scenario_runner/ros_vehicle_control.py)
Cleaning: (/home/hua/deepblue_planning_control-master/pro2_stanley/devel/.private/carla_ros_scenario_runner/lib/carla_ros_scenario_runner/application_runner.py, /home/hua/deepblue_planning_control-master/pro2_stanley/devel/lib/carla_ros_scenario_runner/application_runner.py)
Cleaning: (/home/hua/deepblue_planning_control-master/pro2_stanley/devel/.private/carla_ros_scenario_runner/lib/carla_ros_scenario_runner/cmake.lock, /home/hua/deepblue_planning_control-master/pro2_stanley/devel/lib/carla_ros_scenario_runner/cmake.lock)
Cleaning: (/home/hua/deepblue_planning_control-master/pro2_stanley/devel/.private/carla_ros_scenario_runner/lib/carla_ros_scenario_runner/scenario_runner_runner.py, /home/hua/deepblue_planning_control-master/pro2_stanley/devel/lib/carla_ros_scenario_runner/scenario_runner_runner.py)
Unlinking: /home/hua/deepblue_planning_control-master/pro2_stanley/devel/share/carla_ros_scenario_runner/cmake/carla_ros_scenario_runnerConfig-version.cmake
Unlinking: /home/hua/deepblue_planning_control-master/pro2_stanley/devel/share/carla_ros_scenario_runner/cmake/carla_ros_scenario_runnerConfig.cmake
Unlinking: /home/hua/deepblue_planning_control-master/pro2_stanley/devel/lib/python3/dist-packages/carla_ros_scenario_runner/__init__.py
Unlinking: /home/hua/deepblue_planning_control-master/pro2_stanley/devel/lib/pkgconfig/carla_ros_scenario_runner.pc
Unlinking: /home/hua/deepblue_planning_control-master/pro2_stanley/devel/lib/carla_ros_scenario_runner/carla_ros_scenario_runner_node.py
Unlinking: /home/hua/deepblue_planning_control-master/pro2_stanley/devel/lib/carla_ros_scenario_runner/ros_vehicle_control.py
Unlinking: /home/hua/deepblue_planning_control-master/pro2_stanley/devel/lib/carla_ros_scenario_runner/application_runner.py
Unlinking: /home/hua/deepblue_planning_control-master/pro2_stanley/devel/lib/carla_ros_scenario_runner/cmake.lock
Unlinking: /home/hua/deepblue_planning_control-master/pro2_stanley/devel/lib/carla_ros_scenario_runner/scenario_runner_runner.py
