Symlinking /home/hua/shenlan-control/stanley/catkin_ws/devel/share/carla_manual_control/cmake/carla_manual_controlConfig-version.cmake
Symlinking /home/hua/shenlan-control/stanley/catkin_ws/devel/share/carla_manual_control/cmake/carla_manual_controlConfig.cmake
Symlinking /home/hua/shenlan-control/stanley/catkin_ws/devel/lib/python3/dist-packages/carla_manual_control/__init__.py
Symlinking /home/hua/shenlan-control/stanley/catkin_ws/devel/lib/pkgconfig/carla_manual_control.pc
Symlinking /home/hua/shenlan-control/stanley/catkin_ws/devel/lib/carla_manual_control/carla_manual_control.py
Symlinking /home/hua/shenlan-control/stanley/catkin_ws/devel/lib/carla_manual_control/cmake.lock
Cleaning: (/home/hua/catkin_ws/devel/.private/carla_manual_control/cmake.lock, /home/hua/catkin_ws/devel/./cmake.lock)
Cleaning: (/home/hua/catkin_ws/devel/.private/carla_manual_control/share/carla_manual_control/cmake/carla_manual_controlConfig-version.cmake, /home/hua/catkin_ws/devel/share/carla_manual_control/cmake/carla_manual_controlConfig-version.cmake)
Cleaning: (/home/hua/catkin_ws/devel/.private/carla_manual_control/share/carla_manual_control/cmake/carla_manual_controlConfig.cmake, /home/hua/catkin_ws/devel/share/carla_manual_control/cmake/carla_manual_controlConfig.cmake)
Cleaning: (/home/hua/catkin_ws/devel/.private/carla_manual_control/lib/python3/dist-packages/carla_manual_control/__init__.py, /home/hua/catkin_ws/devel/lib/python3/dist-packages/carla_manual_control/__init__.py)
Cleaning: (/home/hua/catkin_ws/devel/.private/carla_manual_control/lib/pkgconfig/carla_manual_control.pc, /home/hua/catkin_ws/devel/lib/pkgconfig/carla_manual_control.pc)
Cleaning: (/home/hua/catkin_ws/devel/.private/carla_manual_control/lib/carla_manual_control/carla_manual_control.py, /home/hua/catkin_ws/devel/lib/carla_manual_control/carla_manual_control.py)
Cleaning: (/home/hua/catkin_ws/devel/.private/carla_manual_control/lib/carla_manual_control/cmake.lock, /home/hua/catkin_ws/devel/lib/carla_manual_control/cmake.lock)
Unlinking: /home/hua/catkin_ws/devel/share/carla_manual_control/cmake/carla_manual_controlConfig-version.cmake
Already unlinked: {}
Unlinking: /home/hua/catkin_ws/devel/share/carla_manual_control/cmake/carla_manual_controlConfig.cmake
Already unlinked: {}
Unlinking: /home/hua/catkin_ws/devel/lib/python3/dist-packages/carla_manual_control/__init__.py
Already unlinked: {}
Unlinking: /home/hua/catkin_ws/devel/lib/pkgconfig/carla_manual_control.pc
Already unlinked: {}
Unlinking: /home/hua/catkin_ws/devel/lib/carla_manual_control/carla_manual_control.py
Already unlinked: {}
Unlinking: /home/hua/catkin_ws/devel/lib/carla_manual_control/cmake.lock
Already unlinked: {}
