Symlinking /home/hua/shenlan-control/stanley/pro2_stanley/devel/share/carla_ackermann_control/docs/EgoVehicleControlParameterConfig.wikidoc
Symlinking /home/hua/shenlan-control/stanley/pro2_stanley/devel/share/carla_ackermann_control/docs/EgoVehicleControlParameterConfig.dox
Symlinking /home/hua/shenlan-control/stanley/pro2_stanley/devel/share/carla_ackermann_control/docs/EgoVehicleControlParameterConfig-usage.dox
Symlinking /home/hua/shenlan-control/stanley/pro2_stanley/devel/share/carla_ackermann_control/cmake/carla_ackermann_controlConfig-version.cmake
Symlinking /home/hua/shenlan-control/stanley/pro2_stanley/devel/share/carla_ackermann_control/cmake/carla_ackermann_controlConfig.cmake
Symlinking /home/hua/shenlan-control/stanley/pro2_stanley/devel/lib/python3/dist-packages/carla_ackermann_control/__init__.py
Symlinking /home/hua/shenlan-control/stanley/pro2_stanley/devel/lib/python3/dist-packages/carla_ackermann_control/cfg/__init__.py
Symlinking /home/hua/shenlan-control/stanley/pro2_stanley/devel/lib/python3/dist-packages/carla_ackermann_control/cfg/EgoVehicleControlParameterConfig.py
Symlinking /home/hua/shenlan-control/stanley/pro2_stanley/devel/lib/pkgconfig/carla_ackermann_control.pc
Symlinking /home/hua/shenlan-control/stanley/pro2_stanley/devel/include/carla_ackermann_control/EgoVehicleControlParameterConfig.h
Cleaning: (/home/hua/deepblue_planning_control-master/pro2_stanley/devel/.private/carla_ackermann_control/cmake.lock, /home/hua/deepblue_planning_control-master/pro2_stanley/devel/./cmake.lock)
Cleaning: (/home/hua/deepblue_planning_control-master/pro2_stanley/devel/.private/carla_ackermann_control/share/carla_ackermann_control/docs/EgoVehicleControlParameterConfig.wikidoc, /home/hua/deepblue_planning_control-master/pro2_stanley/devel/share/carla_ackermann_control/docs/EgoVehicleControlParameterConfig.wikidoc)
Cleaning: (/home/hua/deepblue_planning_control-master/pro2_stanley/devel/.private/carla_ackermann_control/share/carla_ackermann_control/docs/EgoVehicleControlParameterConfig.dox, /home/hua/deepblue_planning_control-master/pro2_stanley/devel/share/carla_ackermann_control/docs/EgoVehicleControlParameterConfig.dox)
Cleaning: (/home/hua/deepblue_planning_control-master/pro2_stanley/devel/.private/carla_ackermann_control/share/carla_ackermann_control/docs/EgoVehicleControlParameterConfig-usage.dox, /home/hua/deepblue_planning_control-master/pro2_stanley/devel/share/carla_ackermann_control/docs/EgoVehicleControlParameterConfig-usage.dox)
Cleaning: (/home/hua/deepblue_planning_control-master/pro2_stanley/devel/.private/carla_ackermann_control/share/carla_ackermann_control/cmake/carla_ackermann_controlConfig-version.cmake, /home/hua/deepblue_planning_control-master/pro2_stanley/devel/share/carla_ackermann_control/cmake/carla_ackermann_controlConfig-version.cmake)
Cleaning: (/home/hua/deepblue_planning_control-master/pro2_stanley/devel/.private/carla_ackermann_control/share/carla_ackermann_control/cmake/carla_ackermann_controlConfig.cmake, /home/hua/deepblue_planning_control-master/pro2_stanley/devel/share/carla_ackermann_control/cmake/carla_ackermann_controlConfig.cmake)
Cleaning: (/home/hua/deepblue_planning_control-master/pro2_stanley/devel/.private/carla_ackermann_control/lib/python3/dist-packages/carla_ackermann_control/__init__.py, /home/hua/deepblue_planning_control-master/pro2_stanley/devel/lib/python3/dist-packages/carla_ackermann_control/__init__.py)
Cleaning: (/home/hua/deepblue_planning_control-master/pro2_stanley/devel/.private/carla_ackermann_control/lib/python3/dist-packages/carla_ackermann_control/cfg/__init__.py, /home/hua/deepblue_planning_control-master/pro2_stanley/devel/lib/python3/dist-packages/carla_ackermann_control/cfg/__init__.py)
Cleaning: (/home/hua/deepblue_planning_control-master/pro2_stanley/devel/.private/carla_ackermann_control/lib/python3/dist-packages/carla_ackermann_control/cfg/EgoVehicleControlParameterConfig.py, /home/hua/deepblue_planning_control-master/pro2_stanley/devel/lib/python3/dist-packages/carla_ackermann_control/cfg/EgoVehicleControlParameterConfig.py)
Cleaning: (/home/hua/deepblue_planning_control-master/pro2_stanley/devel/.private/carla_ackermann_control/lib/pkgconfig/carla_ackermann_control.pc, /home/hua/deepblue_planning_control-master/pro2_stanley/devel/lib/pkgconfig/carla_ackermann_control.pc)
Cleaning: (/home/hua/deepblue_planning_control-master/pro2_stanley/devel/.private/carla_ackermann_control/include/carla_ackermann_control/EgoVehicleControlParameterConfig.h, /home/hua/deepblue_planning_control-master/pro2_stanley/devel/include/carla_ackermann_control/EgoVehicleControlParameterConfig.h)
Unlinking: /home/hua/deepblue_planning_control-master/pro2_stanley/devel/share/carla_ackermann_control/docs/EgoVehicleControlParameterConfig.wikidoc
Unlinking: /home/hua/deepblue_planning_control-master/pro2_stanley/devel/share/carla_ackermann_control/docs/EgoVehicleControlParameterConfig.dox
Unlinking: /home/hua/deepblue_planning_control-master/pro2_stanley/devel/share/carla_ackermann_control/docs/EgoVehicleControlParameterConfig-usage.dox
Unlinking: /home/hua/deepblue_planning_control-master/pro2_stanley/devel/share/carla_ackermann_control/cmake/carla_ackermann_controlConfig-version.cmake
Unlinking: /home/hua/deepblue_planning_control-master/pro2_stanley/devel/share/carla_ackermann_control/cmake/carla_ackermann_controlConfig.cmake
Unlinking: /home/hua/deepblue_planning_control-master/pro2_stanley/devel/lib/python3/dist-packages/carla_ackermann_control/__init__.py
Unlinking: /home/hua/deepblue_planning_control-master/pro2_stanley/devel/lib/python3/dist-packages/carla_ackermann_control/cfg/__init__.py
Unlinking: /home/hua/deepblue_planning_control-master/pro2_stanley/devel/lib/python3/dist-packages/carla_ackermann_control/cfg/EgoVehicleControlParameterConfig.py
Unlinking: /home/hua/deepblue_planning_control-master/pro2_stanley/devel/lib/pkgconfig/carla_ackermann_control.pc
Unlinking: /home/hua/deepblue_planning_control-master/pro2_stanley/devel/include/carla_ackermann_control/EgoVehicleControlParameterConfig.h
